simplify: /home/mishal2/height-persist/scripts/dataprep/Manifold-master/3rd/igl/collapse_edge.cpp:126: bool igl::collapse_edge(int, const RowVectorXd&, Eigen::MatrixXd&, Eigen::MatrixXi&, Eigen::MatrixXi&, Eigen::VectorXi&, Eigen::MatrixXi&, Eigen::MatrixXi&, int&, int&, int&, int&): Assertion `E(EMAP(f+m*((v+1)%3)),flip1) == d || E(EMAP(f+m*((v+1)%3)),flip1) == s' failed.
timeout: the monitored command dumped core
simplify: /home/mishal2/height-persist/scripts/dataprep/Manifold-master/3rd/igl/collapse_edge.cpp:46: bool igl::collapse_edge(int, const RowVectorXd&, Eigen::MatrixXd&, Eigen::MatrixXi&, Eigen::MatrixXi&, Eigen::VectorXi&, Eigen::MatrixXi&, Eigen::MatrixXi&, int&, int&, int&, int&): Assertion `s<d && "s should be less than d"' failed.
timeout: the monitored command dumped core
simplify: /home/mishal2/height-persist/scripts/dataprep/Manifold-master/3rd/igl/collapse_edge.cpp:75: bool igl::collapse_edge(int, const RowVectorXd&, Eigen::MatrixXd&, Eigen::MatrixXi&, Eigen::MatrixXi&, Eigen::VectorXi&, Eigen::MatrixXi&, Eigen::MatrixXi&, int&, int&, int&, int&): Assertion `E(e2,0) == s || E(e2,1) == s' failed.
timeout: the monitored command dumped core
simplify: /home/mishal2/height-persist/scripts/dataprep/Manifold-master/3rd/igl/collapse_edge.cpp:46: bool igl::collapse_edge(int, const RowVectorXd&, Eigen::MatrixXd&, Eigen::MatrixXi&, Eigen::MatrixXi&, Eigen::VectorXi&, Eigen::MatrixXi&, Eigen::MatrixXi&, int&, int&, int&, int&): Assertion `s<d && "s should be less than d"' failed.
timeout: the monitored command dumped core
simplify: /home/mishal2/height-persist/scripts/dataprep/Manifold-master/3rd/igl/collapse_edge.cpp:46: bool igl::collapse_edge(int, const RowVectorXd&, Eigen::MatrixXd&, Eigen::MatrixXi&, Eigen::MatrixXi&, Eigen::VectorXi&, Eigen::MatrixXi&, Eigen::MatrixXi&, int&, int&, int&, int&): Assertion `s<d && "s should be less than d"' failed.
timeout: the monitored command dumped core
simplify: /home/mishal2/height-persist/scripts/dataprep/Manifold-master/3rd/igl/collapse_edge.cpp:130: bool igl::collapse_edge(int, const RowVectorXd&, Eigen::MatrixXd&, Eigen::MatrixXi&, Eigen::MatrixXi&, Eigen::VectorXi&, Eigen::MatrixXi&, Eigen::MatrixXi&, int&, int&, int&, int&): Assertion `E(EMAP(f+m*((v+2)%3)),flip2) == d || E(EMAP(f+m*((v+2)%3)),flip2) == s' failed.
timeout: the monitored command dumped core
simplify: /home/mishal2/height-persist/scripts/dataprep/Manifold-master/3rd/igl/collapse_edge.cpp:74: bool igl::collapse_edge(int, const RowVectorXd&, Eigen::MatrixXd&, Eigen::MatrixXi&, Eigen::MatrixXi&, Eigen::VectorXi&, Eigen::MatrixXi&, Eigen::MatrixXi&, int&, int&, int&, int&): Assertion `E(e1,0) == d || E(e1,1) == d' failed.
timeout: the monitored command dumped core
simplify: /home/mishal2/height-persist/scripts/dataprep/Manifold-master/3rd/igl/collapse_edge.cpp:46: bool igl::collapse_edge(int, const RowVectorXd&, Eigen::MatrixXd&, Eigen::MatrixXi&, Eigen::MatrixXi&, Eigen::VectorXi&, Eigen::MatrixXi&, Eigen::MatrixXi&, int&, int&, int&, int&): Assertion `s<d && "s should be less than d"' failed.
timeout: the monitored command dumped core
simplify: /home/mishal2/height-persist/scripts/dataprep/Manifold-master/3rd/igl/collapse_edge.cpp:46: bool igl::collapse_edge(int, const RowVectorXd&, Eigen::MatrixXd&, Eigen::MatrixXi&, Eigen::MatrixXi&, Eigen::VectorXi&, Eigen::MatrixXi&, Eigen::MatrixXi&, int&, int&, int&, int&): Assertion `s<d && "s should be less than d"' failed.
timeout: the monitored command dumped core
simplify: /home/mishal2/height-persist/scripts/dataprep/Manifold-master/3rd/igl/collapse_edge.cpp:75: bool igl::collapse_edge(int, const RowVectorXd&, Eigen::MatrixXd&, Eigen::MatrixXi&, Eigen::MatrixXi&, Eigen::VectorXi&, Eigen::MatrixXi&, Eigen::MatrixXi&, int&, int&, int&, int&): Assertion `E(e2,0) == s || E(e2,1) == s' failed.
timeout: the monitored command dumped core
simplify: /home/mishal2/height-persist/scripts/dataprep/Manifold-master/3rd/igl/collapse_edge.cpp:46: bool igl::collapse_edge(int, const RowVectorXd&, Eigen::MatrixXd&, Eigen::MatrixXi&, Eigen::MatrixXi&, Eigen::VectorXi&, Eigen::MatrixXi&, Eigen::MatrixXi&, int&, int&, int&, int&): Assertion `s<d && "s should be less than d"' failed.
timeout: the monitored command dumped core
simplify: /home/mishal2/height-persist/scripts/dataprep/Manifold-master/3rd/igl/collapse_edge.cpp:74: bool igl::collapse_edge(int, const RowVectorXd&, Eigen::MatrixXd&, Eigen::MatrixXi&, Eigen::MatrixXi&, Eigen::VectorXi&, Eigen::MatrixXi&, Eigen::MatrixXi&, int&, int&, int&, int&): Assertion `E(e1,0) == d || E(e1,1) == d' failed.
timeout: the monitored command dumped core
simplify: /home/mishal2/height-persist/scripts/dataprep/Manifold-master/3rd/igl/collapse_edge.cpp:74: bool igl::collapse_edge(int, const RowVectorXd&, Eigen::MatrixXd&, Eigen::MatrixXi&, Eigen::MatrixXi&, Eigen::VectorXi&, Eigen::MatrixXi&, Eigen::MatrixXi&, int&, int&, int&, int&): Assertion `E(e1,0) == d || E(e1,1) == d' failed.
timeout: the monitored command dumped core
simplify: /home/mishal2/height-persist/scripts/dataprep/Manifold-master/3rd/igl/collapse_edge.cpp:46: bool igl::collapse_edge(int, const RowVectorXd&, Eigen::MatrixXd&, Eigen::MatrixXi&, Eigen::MatrixXi&, Eigen::VectorXi&, Eigen::MatrixXi&, Eigen::MatrixXi&, int&, int&, int&, int&): Assertion `s<d && "s should be less than d"' failed.
timeout: the monitored command dumped core
simplify: /home/mishal2/height-persist/scripts/dataprep/Manifold-master/3rd/igl/collapse_edge.cpp:126: bool igl::collapse_edge(int, const RowVectorXd&, Eigen::MatrixXd&, Eigen::MatrixXi&, Eigen::MatrixXi&, Eigen::VectorXi&, Eigen::MatrixXi&, Eigen::MatrixXi&, int&, int&, int&, int&): Assertion `E(EMAP(f+m*((v+1)%3)),flip1) == d || E(EMAP(f+m*((v+1)%3)),flip1) == s' failed.
timeout: the monitored command dumped core
simplify: /home/mishal2/height-persist/scripts/dataprep/Manifold-master/3rd/igl/collapse_edge.cpp:46: bool igl::collapse_edge(int, const RowVectorXd&, Eigen::MatrixXd&, Eigen::MatrixXi&, Eigen::MatrixXi&, Eigen::VectorXi&, Eigen::MatrixXi&, Eigen::MatrixXi&, int&, int&, int&, int&): Assertion `s<d && "s should be less than d"' failed.
timeout: the monitored command dumped core
simplify: /home/mishal2/height-persist/scripts/dataprep/Manifold-master/3rd/igl/collapse_edge.cpp:46: bool igl::collapse_edge(int, const RowVectorXd&, Eigen::MatrixXd&, Eigen::MatrixXi&, Eigen::MatrixXi&, Eigen::VectorXi&, Eigen::MatrixXi&, Eigen::MatrixXi&, int&, int&, int&, int&): Assertion `s<d && "s should be less than d"' failed.
timeout: the monitored command dumped core
simplify: /home/mishal2/height-persist/scripts/dataprep/Manifold-master/3rd/igl/collapse_edge.cpp:75: bool igl::collapse_edge(int, const RowVectorXd&, Eigen::MatrixXd&, Eigen::MatrixXi&, Eigen::MatrixXi&, Eigen::VectorXi&, Eigen::MatrixXi&, Eigen::MatrixXi&, int&, int&, int&, int&): Assertion `E(e2,0) == s || E(e2,1) == s' failed.
timeout: the monitored command dumped core
simplify: /home/mishal2/height-persist/scripts/dataprep/Manifold-master/3rd/igl/collapse_edge.cpp:46: bool igl::collapse_edge(int, const RowVectorXd&, Eigen::MatrixXd&, Eigen::MatrixXi&, Eigen::MatrixXi&, Eigen::VectorXi&, Eigen::MatrixXi&, Eigen::MatrixXi&, int&, int&, int&, int&): Assertion `s<d && "s should be less than d"' failed.
timeout: the monitored command dumped core
simplify: /home/mishal2/height-persist/scripts/dataprep/Manifold-master/3rd/igl/collapse_edge.cpp:46: bool igl::collapse_edge(int, const RowVectorXd&, Eigen::MatrixXd&, Eigen::MatrixXi&, Eigen::MatrixXi&, Eigen::VectorXi&, Eigen::MatrixXi&, Eigen::MatrixXi&, int&, int&, int&, int&): Assertion `s<d && "s should be less than d"' failed.
timeout: the monitored command dumped core
simplify: /home/mishal2/height-persist/scripts/dataprep/Manifold-master/3rd/igl/collapse_edge.cpp:46: bool igl::collapse_edge(int, const RowVectorXd&, Eigen::MatrixXd&, Eigen::MatrixXi&, Eigen::MatrixXi&, Eigen::VectorXi&, Eigen::MatrixXi&, Eigen::MatrixXi&, int&, int&, int&, int&): Assertion `s<d && "s should be less than d"' failed.
timeout: the monitored command dumped core
simplify: /home/mishal2/height-persist/scripts/dataprep/Manifold-master/3rd/igl/collapse_edge.cpp:46: bool igl::collapse_edge(int, const RowVectorXd&, Eigen::MatrixXd&, Eigen::MatrixXi&, Eigen::MatrixXi&, Eigen::VectorXi&, Eigen::MatrixXi&, Eigen::MatrixXi&, int&, int&, int&, int&): Assertion `s<d && "s should be less than d"' failed.
timeout: the monitored command dumped core
simplify: /home/mishal2/height-persist/scripts/dataprep/Manifold-master/3rd/igl/collapse_edge.cpp:74: bool igl::collapse_edge(int, const RowVectorXd&, Eigen::MatrixXd&, Eigen::MatrixXi&, Eigen::MatrixXi&, Eigen::VectorXi&, Eigen::MatrixXi&, Eigen::MatrixXi&, int&, int&, int&, int&): Assertion `E(e1,0) == d || E(e1,1) == d' failed.
timeout: the monitored command dumped core
simplify: /home/mishal2/height-persist/scripts/dataprep/Manifold-master/3rd/igl/collapse_edge.cpp:46: bool igl::collapse_edge(int, const RowVectorXd&, Eigen::MatrixXd&, Eigen::MatrixXi&, Eigen::MatrixXi&, Eigen::VectorXi&, Eigen::MatrixXi&, Eigen::MatrixXi&, int&, int&, int&, int&): Assertion `s<d && "s should be less than d"' failed.
timeout: the monitored command dumped core
simplify: /home/mishal2/height-persist/scripts/dataprep/Manifold-master/3rd/igl/collapse_edge.cpp:46: bool igl::collapse_edge(int, const RowVectorXd&, Eigen::MatrixXd&, Eigen::MatrixXi&, Eigen::MatrixXi&, Eigen::VectorXi&, Eigen::MatrixXi&, Eigen::MatrixXi&, int&, int&, int&, int&): Assertion `s<d && "s should be less than d"' failed.
timeout: the monitored command dumped core
simplify: /home/mishal2/height-persist/scripts/dataprep/Manifold-master/3rd/igl/collapse_edge.cpp:46: bool igl::collapse_edge(int, const RowVectorXd&, Eigen::MatrixXd&, Eigen::MatrixXi&, Eigen::MatrixXi&, Eigen::VectorXi&, Eigen::MatrixXi&, Eigen::MatrixXi&, int&, int&, int&, int&): Assertion `s<d && "s should be less than d"' failed.
timeout: the monitored command dumped core
simplify: /home/mishal2/height-persist/scripts/dataprep/Manifold-master/3rd/igl/collapse_edge.cpp:46: bool igl::collapse_edge(int, const RowVectorXd&, Eigen::MatrixXd&, Eigen::MatrixXi&, Eigen::MatrixXi&, Eigen::VectorXi&, Eigen::MatrixXi&, Eigen::MatrixXi&, int&, int&, int&, int&): Assertion `s<d && "s should be less than d"' failed.
timeout: the monitored command dumped core
simplify: /home/mishal2/height-persist/scripts/dataprep/Manifold-master/3rd/igl/per_vertex_point_to_plane_quadrics.cpp:83: igl::per_vertex_point_to_plane_quadrics(const MatrixXd&, const MatrixXi&, const MatrixXi&, const MatrixXi&, const MatrixXi&, std::vector<std::tuple<Eigen::Matrix<double, -1, -1, 0, -1, -1>, Eigen::Matrix<double, 1, -1, 1, 1, -1>, double> >&)::<lambda(const RowVectorXd&, const MatrixXd&, double)>: Assertion `std::abs(S.row(j).dot(ei)) < 1e-10' failed.
timeout: the monitored command dumped core
simplify: /home/mishal2/height-persist/scripts/dataprep/Manifold-master/3rd/igl/collapse_edge.cpp:46: bool igl::collapse_edge(int, const RowVectorXd&, Eigen::MatrixXd&, Eigen::MatrixXi&, Eigen::MatrixXi&, Eigen::VectorXi&, Eigen::MatrixXi&, Eigen::MatrixXi&, int&, int&, int&, int&): Assertion `s<d && "s should be less than d"' failed.
timeout: the monitored command dumped core
simplify: /home/mishal2/height-persist/scripts/dataprep/Manifold-master/3rd/igl/collapse_edge.cpp:46: bool igl::collapse_edge(int, const RowVectorXd&, Eigen::MatrixXd&, Eigen::MatrixXi&, Eigen::MatrixXi&, Eigen::VectorXi&, Eigen::MatrixXi&, Eigen::MatrixXi&, int&, int&, int&, int&): Assertion `s<d && "s should be less than d"' failed.
timeout: the monitored command dumped core
simplify: /home/mishal2/height-persist/scripts/dataprep/Manifold-master/3rd/igl/collapse_edge.cpp:46: bool igl::collapse_edge(int, const RowVectorXd&, Eigen::MatrixXd&, Eigen::MatrixXi&, Eigen::MatrixXi&, Eigen::VectorXi&, Eigen::MatrixXi&, Eigen::MatrixXi&, int&, int&, int&, int&): Assertion `s<d && "s should be less than d"' failed.
timeout: the monitored command dumped core
simplify: /home/mishal2/height-persist/scripts/dataprep/Manifold-master/3rd/igl/collapse_edge.cpp:46: bool igl::collapse_edge(int, const RowVectorXd&, Eigen::MatrixXd&, Eigen::MatrixXi&, Eigen::MatrixXi&, Eigen::VectorXi&, Eigen::MatrixXi&, Eigen::MatrixXi&, int&, int&, int&, int&): Assertion `s<d && "s should be less than d"' failed.
timeout: the monitored command dumped core
simplify: /home/mishal2/height-persist/scripts/dataprep/Manifold-master/3rd/igl/collapse_edge.cpp:74: bool igl::collapse_edge(int, const RowVectorXd&, Eigen::MatrixXd&, Eigen::MatrixXi&, Eigen::MatrixXi&, Eigen::VectorXi&, Eigen::MatrixXi&, Eigen::MatrixXi&, int&, int&, int&, int&): Assertion `E(e1,0) == d || E(e1,1) == d' failed.
timeout: the monitored command dumped core
simplify: /home/mishal2/height-persist/scripts/dataprep/Manifold-master/3rd/igl/collapse_edge.cpp:74: bool igl::collapse_edge(int, const RowVectorXd&, Eigen::MatrixXd&, Eigen::MatrixXi&, Eigen::MatrixXi&, Eigen::VectorXi&, Eigen::MatrixXi&, Eigen::MatrixXi&, int&, int&, int&, int&): Assertion `E(e1,0) == d || E(e1,1) == d' failed.
timeout: the monitored command dumped core
simplify: /home/mishal2/height-persist/scripts/dataprep/Manifold-master/3rd/igl/collapse_edge.cpp:46: bool igl::collapse_edge(int, const RowVectorXd&, Eigen::MatrixXd&, Eigen::MatrixXi&, Eigen::MatrixXi&, Eigen::VectorXi&, Eigen::MatrixXi&, Eigen::MatrixXi&, int&, int&, int&, int&): Assertion `s<d && "s should be less than d"' failed.
timeout: the monitored command dumped core
simplify: /home/mishal2/height-persist/scripts/dataprep/Manifold-master/3rd/igl/collapse_edge.cpp:130: bool igl::collapse_edge(int, const RowVectorXd&, Eigen::MatrixXd&, Eigen::MatrixXi&, Eigen::MatrixXi&, Eigen::VectorXi&, Eigen::MatrixXi&, Eigen::MatrixXi&, int&, int&, int&, int&): Assertion `E(EMAP(f+m*((v+2)%3)),flip2) == d || E(EMAP(f+m*((v+2)%3)),flip2) == s' failed.
timeout: the monitored command dumped core
simplify: /home/mishal2/height-persist/scripts/dataprep/Manifold-master/3rd/igl/collapse_edge.cpp:126: bool igl::collapse_edge(int, const RowVectorXd&, Eigen::MatrixXd&, Eigen::MatrixXi&, Eigen::MatrixXi&, Eigen::VectorXi&, Eigen::MatrixXi&, Eigen::MatrixXi&, int&, int&, int&, int&): Assertion `E(EMAP(f+m*((v+1)%3)),flip1) == d || E(EMAP(f+m*((v+1)%3)),flip1) == s' failed.
timeout: the monitored command dumped core
simplify: /home/mishal2/height-persist/scripts/dataprep/Manifold-master/3rd/igl/collapse_edge.cpp:46: bool igl::collapse_edge(int, const RowVectorXd&, Eigen::MatrixXd&, Eigen::MatrixXi&, Eigen::MatrixXi&, Eigen::VectorXi&, Eigen::MatrixXi&, Eigen::MatrixXi&, int&, int&, int&, int&): Assertion `s<d && "s should be less than d"' failed.
timeout: the monitored command dumped core
simplify: /home/mishal2/height-persist/scripts/dataprep/Manifold-master/3rd/igl/collapse_edge.cpp:75: bool igl::collapse_edge(int, const RowVectorXd&, Eigen::MatrixXd&, Eigen::MatrixXi&, Eigen::MatrixXi&, Eigen::VectorXi&, Eigen::MatrixXi&, Eigen::MatrixXi&, int&, int&, int&, int&): Assertion `E(e2,0) == s || E(e2,1) == s' failed.
timeout: the monitored command dumped core
simplify: /home/mishal2/height-persist/scripts/dataprep/Manifold-master/3rd/igl/collapse_edge.cpp:74: bool igl::collapse_edge(int, const RowVectorXd&, Eigen::MatrixXd&, Eigen::MatrixXi&, Eigen::MatrixXi&, Eigen::VectorXi&, Eigen::MatrixXi&, Eigen::MatrixXi&, int&, int&, int&, int&): Assertion `E(e1,0) == d || E(e1,1) == d' failed.
timeout: the monitored command dumped core
simplify: /home/mishal2/height-persist/scripts/dataprep/Manifold-master/3rd/igl/collapse_edge.cpp:74: bool igl::collapse_edge(int, const RowVectorXd&, Eigen::MatrixXd&, Eigen::MatrixXi&, Eigen::MatrixXi&, Eigen::VectorXi&, Eigen::MatrixXi&, Eigen::MatrixXi&, int&, int&, int&, int&): Assertion `E(e1,0) == d || E(e1,1) == d' failed.
timeout: the monitored command dumped core
simplify: /home/mishal2/height-persist/scripts/dataprep/Manifold-master/3rd/igl/collapse_edge.cpp:46: bool igl::collapse_edge(int, const RowVectorXd&, Eigen::MatrixXd&, Eigen::MatrixXi&, Eigen::MatrixXi&, Eigen::VectorXi&, Eigen::MatrixXi&, Eigen::MatrixXi&, int&, int&, int&, int&): Assertion `s<d && "s should be less than d"' failed.
timeout: the monitored command dumped core
simplify: /home/mishal2/height-persist/scripts/dataprep/Manifold-master/3rd/igl/collapse_edge.cpp:74: bool igl::collapse_edge(int, const RowVectorXd&, Eigen::MatrixXd&, Eigen::MatrixXi&, Eigen::MatrixXi&, Eigen::VectorXi&, Eigen::MatrixXi&, Eigen::MatrixXi&, int&, int&, int&, int&): Assertion `E(e1,0) == d || E(e1,1) == d' failed.
timeout: the monitored command dumped core
simplify: /home/mishal2/height-persist/scripts/dataprep/Manifold-master/3rd/igl/collapse_edge.cpp:75: bool igl::collapse_edge(int, const RowVectorXd&, Eigen::MatrixXd&, Eigen::MatrixXi&, Eigen::MatrixXi&, Eigen::VectorXi&, Eigen::MatrixXi&, Eigen::MatrixXi&, int&, int&, int&, int&): Assertion `E(e2,0) == s || E(e2,1) == s' failed.
timeout: the monitored command dumped core
simplify: /home/mishal2/height-persist/scripts/dataprep/Manifold-master/3rd/igl/collapse_edge.cpp:75: bool igl::collapse_edge(int, const RowVectorXd&, Eigen::MatrixXd&, Eigen::MatrixXi&, Eigen::MatrixXi&, Eigen::VectorXi&, Eigen::MatrixXi&, Eigen::MatrixXi&, int&, int&, int&, int&): Assertion `E(e2,0) == s || E(e2,1) == s' failed.
timeout: the monitored command dumped core
simplify: /home/mishal2/height-persist/scripts/dataprep/Manifold-master/3rd/igl/collapse_edge.cpp:46: bool igl::collapse_edge(int, const RowVectorXd&, Eigen::MatrixXd&, Eigen::MatrixXi&, Eigen::MatrixXi&, Eigen::VectorXi&, Eigen::MatrixXi&, Eigen::MatrixXi&, int&, int&, int&, int&): Assertion `s<d && "s should be less than d"' failed.
timeout: the monitored command dumped core
simplify: /home/mishal2/height-persist/scripts/dataprep/Manifold-master/3rd/igl/collapse_edge.cpp:46: bool igl::collapse_edge(int, const RowVectorXd&, Eigen::MatrixXd&, Eigen::MatrixXi&, Eigen::MatrixXi&, Eigen::VectorXi&, Eigen::MatrixXi&, Eigen::MatrixXi&, int&, int&, int&, int&): Assertion `s<d && "s should be less than d"' failed.
timeout: the monitored command dumped core
simplify: /home/mishal2/height-persist/scripts/dataprep/Manifold-master/3rd/igl/collapse_edge.cpp:74: bool igl::collapse_edge(int, const RowVectorXd&, Eigen::MatrixXd&, Eigen::MatrixXi&, Eigen::MatrixXi&, Eigen::VectorXi&, Eigen::MatrixXi&, Eigen::MatrixXi&, int&, int&, int&, int&): Assertion `E(e1,0) == d || E(e1,1) == d' failed.
timeout: the monitored command dumped core
timeout: the monitored command dumped core
simplify: /home/mishal2/height-persist/scripts/dataprep/Manifold-master/3rd/igl/collapse_edge.cpp:46: bool igl::collapse_edge(int, const RowVectorXd&, Eigen::MatrixXd&, Eigen::MatrixXi&, Eigen::MatrixXi&, Eigen::VectorXi&, Eigen::MatrixXi&, Eigen::MatrixXi&, int&, int&, int&, int&): Assertion `s<d && "s should be less than d"' failed.
timeout: the monitored command dumped core
simplify: /home/mishal2/height-persist/scripts/dataprep/Manifold-master/3rd/igl/collapse_edge.cpp:46: bool igl::collapse_edge(int, const RowVectorXd&, Eigen::MatrixXd&, Eigen::MatrixXi&, Eigen::MatrixXi&, Eigen::VectorXi&, Eigen::MatrixXi&, Eigen::MatrixXi&, int&, int&, int&, int&): Assertion `s<d && "s should be less than d"' failed.
timeout: the monitored command dumped core
simplify: /home/mishal2/height-persist/scripts/dataprep/Manifold-master/3rd/igl/collapse_edge.cpp:74: bool igl::collapse_edge(int, const RowVectorXd&, Eigen::MatrixXd&, Eigen::MatrixXi&, Eigen::MatrixXi&, Eigen::VectorXi&, Eigen::MatrixXi&, Eigen::MatrixXi&, int&, int&, int&, int&): Assertion `E(e1,0) == d || E(e1,1) == d' failed.
timeout: the monitored command dumped core
simplify: /home/mishal2/height-persist/scripts/dataprep/Manifold-master/3rd/igl/collapse_edge.cpp:74: bool igl::collapse_edge(int, const RowVectorXd&, Eigen::MatrixXd&, Eigen::MatrixXi&, Eigen::MatrixXi&, Eigen::VectorXi&, Eigen::MatrixXi&, Eigen::MatrixXi&, int&, int&, int&, int&): Assertion `E(e1,0) == d || E(e1,1) == d' failed.
timeout: the monitored command dumped core
simplify: /home/mishal2/height-persist/scripts/dataprep/Manifold-master/3rd/igl/collapse_edge.cpp:46: bool igl::collapse_edge(int, const RowVectorXd&, Eigen::MatrixXd&, Eigen::MatrixXi&, Eigen::MatrixXi&, Eigen::VectorXi&, Eigen::MatrixXi&, Eigen::MatrixXi&, int&, int&, int&, int&): Assertion `s<d && "s should be less than d"' failed.
timeout: the monitored command dumped core
simplify: /home/mishal2/height-persist/scripts/dataprep/Manifold-master/3rd/igl/collapse_edge.cpp:74: bool igl::collapse_edge(int, const RowVectorXd&, Eigen::MatrixXd&, Eigen::MatrixXi&, Eigen::MatrixXi&, Eigen::VectorXi&, Eigen::MatrixXi&, Eigen::MatrixXi&, int&, int&, int&, int&): Assertion `E(e1,0) == d || E(e1,1) == d' failed.
timeout: the monitored command dumped core
simplify: /home/mishal2/height-persist/scripts/dataprep/Manifold-master/3rd/igl/collapse_edge.cpp:75: bool igl::collapse_edge(int, const RowVectorXd&, Eigen::MatrixXd&, Eigen::MatrixXi&, Eigen::MatrixXi&, Eigen::VectorXi&, Eigen::MatrixXi&, Eigen::MatrixXi&, int&, int&, int&, int&): Assertion `E(e2,0) == s || E(e2,1) == s' failed.
timeout: the monitored command dumped core
simplify: /home/mishal2/height-persist/scripts/dataprep/Manifold-master/3rd/igl/collapse_edge.cpp:46: bool igl::collapse_edge(int, const RowVectorXd&, Eigen::MatrixXd&, Eigen::MatrixXi&, Eigen::MatrixXi&, Eigen::VectorXi&, Eigen::MatrixXi&, Eigen::MatrixXi&, int&, int&, int&, int&): Assertion `s<d && "s should be less than d"' failed.
timeout: the monitored command dumped core
simplify: /home/mishal2/height-persist/scripts/dataprep/Manifold-master/3rd/igl/collapse_edge.cpp:46: bool igl::collapse_edge(int, const RowVectorXd&, Eigen::MatrixXd&, Eigen::MatrixXi&, Eigen::MatrixXi&, Eigen::VectorXi&, Eigen::MatrixXi&, Eigen::MatrixXi&, int&, int&, int&, int&): Assertion `s<d && "s should be less than d"' failed.
timeout: the monitored command dumped core
simplify: /home/mishal2/height-persist/scripts/dataprep/Manifold-master/3rd/igl/collapse_edge.cpp:75: bool igl::collapse_edge(int, const RowVectorXd&, Eigen::MatrixXd&, Eigen::MatrixXi&, Eigen::MatrixXi&, Eigen::VectorXi&, Eigen::MatrixXi&, Eigen::MatrixXi&, int&, int&, int&, int&): Assertion `E(e2,0) == s || E(e2,1) == s' failed.
timeout: the monitored command dumped core
simplify: /home/mishal2/height-persist/scripts/dataprep/Manifold-master/3rd/igl/collapse_edge.cpp:74: bool igl::collapse_edge(int, const RowVectorXd&, Eigen::MatrixXd&, Eigen::MatrixXi&, Eigen::MatrixXi&, Eigen::VectorXi&, Eigen::MatrixXi&, Eigen::MatrixXi&, int&, int&, int&, int&): Assertion `E(e1,0) == d || E(e1,1) == d' failed.
timeout: the monitored command dumped core
simplify: /home/mishal2/height-persist/scripts/dataprep/Manifold-master/3rd/igl/collapse_edge.cpp:74: bool igl::collapse_edge(int, const RowVectorXd&, Eigen::MatrixXd&, Eigen::MatrixXi&, Eigen::MatrixXi&, Eigen::VectorXi&, Eigen::MatrixXi&, Eigen::MatrixXi&, int&, int&, int&, int&): Assertion `E(e1,0) == d || E(e1,1) == d' failed.
timeout: the monitored command dumped core
simplify: /home/mishal2/height-persist/scripts/dataprep/Manifold-master/3rd/igl/collapse_edge.cpp:74: bool igl::collapse_edge(int, const RowVectorXd&, Eigen::MatrixXd&, Eigen::MatrixXi&, Eigen::MatrixXi&, Eigen::VectorXi&, Eigen::MatrixXi&, Eigen::MatrixXi&, int&, int&, int&, int&): Assertion `E(e1,0) == d || E(e1,1) == d' failed.
timeout: the monitored command dumped core
simplify: /home/mishal2/height-persist/scripts/dataprep/Manifold-master/3rd/igl/collapse_edge.cpp:46: bool igl::collapse_edge(int, const RowVectorXd&, Eigen::MatrixXd&, Eigen::MatrixXi&, Eigen::MatrixXi&, Eigen::VectorXi&, Eigen::MatrixXi&, Eigen::MatrixXi&, int&, int&, int&, int&): Assertion `s<d && "s should be less than d"' failed.
timeout: the monitored command dumped core
simplify: /home/mishal2/height-persist/scripts/dataprep/Manifold-master/3rd/igl/collapse_edge.cpp:126: bool igl::collapse_edge(int, const RowVectorXd&, Eigen::MatrixXd&, Eigen::MatrixXi&, Eigen::MatrixXi&, Eigen::VectorXi&, Eigen::MatrixXi&, Eigen::MatrixXi&, int&, int&, int&, int&): Assertion `E(EMAP(f+m*((v+1)%3)),flip1) == d || E(EMAP(f+m*((v+1)%3)),flip1) == s' failed.
timeout: the monitored command dumped core
simplify: /home/mishal2/height-persist/scripts/dataprep/Manifold-master/3rd/igl/collapse_edge.cpp:74: bool igl::collapse_edge(int, const RowVectorXd&, Eigen::MatrixXd&, Eigen::MatrixXi&, Eigen::MatrixXi&, Eigen::VectorXi&, Eigen::MatrixXi&, Eigen::MatrixXi&, int&, int&, int&, int&): Assertion `E(e1,0) == d || E(e1,1) == d' failed.
timeout: the monitored command dumped core
simplify: /home/mishal2/height-persist/scripts/dataprep/Manifold-master/3rd/igl/collapse_edge.cpp:46: bool igl::collapse_edge(int, const RowVectorXd&, Eigen::MatrixXd&, Eigen::MatrixXi&, Eigen::MatrixXi&, Eigen::VectorXi&, Eigen::MatrixXi&, Eigen::MatrixXi&, int&, int&, int&, int&): Assertion `s<d && "s should be less than d"' failed.
timeout: the monitored command dumped core
simplify: /home/mishal2/height-persist/scripts/dataprep/Manifold-master/3rd/igl/circulation.cpp:52: std::vector<int> igl::circulation(int, bool, const MatrixXi&, const MatrixXi&, const VectorXi&, const MatrixXi&, const MatrixXi&): Assertion `ei == e' failed.
timeout: the monitored command dumped core
simplify: /home/mishal2/height-persist/scripts/dataprep/Manifold-master/3rd/igl/collapse_edge.cpp:126: bool igl::collapse_edge(int, const RowVectorXd&, Eigen::MatrixXd&, Eigen::MatrixXi&, Eigen::MatrixXi&, Eigen::VectorXi&, Eigen::MatrixXi&, Eigen::MatrixXi&, int&, int&, int&, int&): Assertion `E(EMAP(f+m*((v+1)%3)),flip1) == d || E(EMAP(f+m*((v+1)%3)),flip1) == s' failed.
timeout: the monitored command dumped core
simplify: /home/mishal2/height-persist/scripts/dataprep/Manifold-master/3rd/igl/collapse_edge.cpp:46: bool igl::collapse_edge(int, const RowVectorXd&, Eigen::MatrixXd&, Eigen::MatrixXi&, Eigen::MatrixXi&, Eigen::VectorXi&, Eigen::MatrixXi&, Eigen::MatrixXi&, int&, int&, int&, int&): Assertion `s<d && "s should be less than d"' failed.
timeout: the monitored command dumped core
simplify: /home/mishal2/height-persist/scripts/dataprep/Manifold-master/3rd/igl/collapse_edge.cpp:75: bool igl::collapse_edge(int, const RowVectorXd&, Eigen::MatrixXd&, Eigen::MatrixXi&, Eigen::MatrixXi&, Eigen::VectorXi&, Eigen::MatrixXi&, Eigen::MatrixXi&, int&, int&, int&, int&): Assertion `E(e2,0) == s || E(e2,1) == s' failed.
timeout: the monitored command dumped core
simplify: /home/mishal2/height-persist/scripts/dataprep/Manifold-master/3rd/igl/collapse_edge.cpp:46: bool igl::collapse_edge(int, const RowVectorXd&, Eigen::MatrixXd&, Eigen::MatrixXi&, Eigen::MatrixXi&, Eigen::VectorXi&, Eigen::MatrixXi&, Eigen::MatrixXi&, int&, int&, int&, int&): Assertion `s<d && "s should be less than d"' failed.
timeout: the monitored command dumped core
simplify: /home/mishal2/height-persist/scripts/dataprep/Manifold-master/3rd/igl/collapse_edge.cpp:75: bool igl::collapse_edge(int, const RowVectorXd&, Eigen::MatrixXd&, Eigen::MatrixXi&, Eigen::MatrixXi&, Eigen::VectorXi&, Eigen::MatrixXi&, Eigen::MatrixXi&, int&, int&, int&, int&): Assertion `E(e2,0) == s || E(e2,1) == s' failed.
timeout: the monitored command dumped core
simplify: /home/mishal2/height-persist/scripts/dataprep/Manifold-master/3rd/igl/collapse_edge.cpp:74: bool igl::collapse_edge(int, const RowVectorXd&, Eigen::MatrixXd&, Eigen::MatrixXi&, Eigen::MatrixXi&, Eigen::VectorXi&, Eigen::MatrixXi&, Eigen::MatrixXi&, int&, int&, int&, int&): Assertion `E(e1,0) == d || E(e1,1) == d' failed.
timeout: the monitored command dumped core
simplify: /home/mishal2/height-persist/scripts/dataprep/Manifold-master/3rd/igl/collapse_edge.cpp:46: bool igl::collapse_edge(int, const RowVectorXd&, Eigen::MatrixXd&, Eigen::MatrixXi&, Eigen::MatrixXi&, Eigen::VectorXi&, Eigen::MatrixXi&, Eigen::MatrixXi&, int&, int&, int&, int&): Assertion `s<d && "s should be less than d"' failed.
timeout: the monitored command dumped core
simplify: /home/mishal2/height-persist/scripts/dataprep/Manifold-master/3rd/igl/collapse_edge.cpp:74: bool igl::collapse_edge(int, const RowVectorXd&, Eigen::MatrixXd&, Eigen::MatrixXi&, Eigen::MatrixXi&, Eigen::VectorXi&, Eigen::MatrixXi&, Eigen::MatrixXi&, int&, int&, int&, int&): Assertion `E(e1,0) == d || E(e1,1) == d' failed.
timeout: the monitored command dumped core
simplify: /home/mishal2/height-persist/scripts/dataprep/Manifold-master/3rd/igl/collapse_edge.cpp:46: bool igl::collapse_edge(int, const RowVectorXd&, Eigen::MatrixXd&, Eigen::MatrixXi&, Eigen::MatrixXi&, Eigen::VectorXi&, Eigen::MatrixXi&, Eigen::MatrixXi&, int&, int&, int&, int&): Assertion `s<d && "s should be less than d"' failed.
timeout: the monitored command dumped core
simplify: /home/mishal2/height-persist/scripts/dataprep/Manifold-master/3rd/igl/collapse_edge.cpp:74: bool igl::collapse_edge(int, const RowVectorXd&, Eigen::MatrixXd&, Eigen::MatrixXi&, Eigen::MatrixXi&, Eigen::VectorXi&, Eigen::MatrixXi&, Eigen::MatrixXi&, int&, int&, int&, int&): Assertion `E(e1,0) == d || E(e1,1) == d' failed.
timeout: the monitored command dumped core
simplify: /home/mishal2/height-persist/scripts/dataprep/Manifold-master/3rd/igl/collapse_edge.cpp:46: bool igl::collapse_edge(int, const RowVectorXd&, Eigen::MatrixXd&, Eigen::MatrixXi&, Eigen::MatrixXi&, Eigen::VectorXi&, Eigen::MatrixXi&, Eigen::MatrixXi&, int&, int&, int&, int&): Assertion `s<d && "s should be less than d"' failed.
timeout: the monitored command dumped core
simplify: /home/mishal2/height-persist/scripts/dataprep/Manifold-master/3rd/igl/collapse_edge.cpp:46: bool igl::collapse_edge(int, const RowVectorXd&, Eigen::MatrixXd&, Eigen::MatrixXi&, Eigen::MatrixXi&, Eigen::VectorXi&, Eigen::MatrixXi&, Eigen::MatrixXi&, int&, int&, int&, int&): Assertion `s<d && "s should be less than d"' failed.
timeout: the monitored command dumped core
simplify: /home/mishal2/height-persist/scripts/dataprep/Manifold-master/3rd/igl/collapse_edge.cpp:46: bool igl::collapse_edge(int, const RowVectorXd&, Eigen::MatrixXd&, Eigen::MatrixXi&, Eigen::MatrixXi&, Eigen::VectorXi&, Eigen::MatrixXi&, Eigen::MatrixXi&, int&, int&, int&, int&): Assertion `s<d && "s should be less than d"' failed.
timeout: the monitored command dumped core
simplify: /home/mishal2/height-persist/scripts/dataprep/Manifold-master/3rd/igl/collapse_edge.cpp:46: bool igl::collapse_edge(int, const RowVectorXd&, Eigen::MatrixXd&, Eigen::MatrixXi&, Eigen::MatrixXi&, Eigen::VectorXi&, Eigen::MatrixXi&, Eigen::MatrixXi&, int&, int&, int&, int&): Assertion `s<d && "s should be less than d"' failed.
timeout: the monitored command dumped core
simplify: /home/mishal2/height-persist/scripts/dataprep/Manifold-master/3rd/igl/collapse_edge.cpp:74: bool igl::collapse_edge(int, const RowVectorXd&, Eigen::MatrixXd&, Eigen::MatrixXi&, Eigen::MatrixXi&, Eigen::VectorXi&, Eigen::MatrixXi&, Eigen::MatrixXi&, int&, int&, int&, int&): Assertion `E(e1,0) == d || E(e1,1) == d' failed.
timeout: the monitored command dumped core
simplify: /home/mishal2/height-persist/scripts/dataprep/Manifold-master/3rd/igl/collapse_edge.cpp:46: bool igl::collapse_edge(int, const RowVectorXd&, Eigen::MatrixXd&, Eigen::MatrixXi&, Eigen::MatrixXi&, Eigen::VectorXi&, Eigen::MatrixXi&, Eigen::MatrixXi&, int&, int&, int&, int&): Assertion `s<d && "s should be less than d"' failed.
timeout: the monitored command dumped core
simplify: /home/mishal2/height-persist/scripts/dataprep/Manifold-master/3rd/igl/collapse_edge.cpp:74: bool igl::collapse_edge(int, const RowVectorXd&, Eigen::MatrixXd&, Eigen::MatrixXi&, Eigen::MatrixXi&, Eigen::VectorXi&, Eigen::MatrixXi&, Eigen::MatrixXi&, int&, int&, int&, int&): Assertion `E(e1,0) == d || E(e1,1) == d' failed.
timeout: the monitored command dumped core
simplify: /home/mishal2/height-persist/scripts/dataprep/Manifold-master/3rd/igl/collapse_edge.cpp:74: bool igl::collapse_edge(int, const RowVectorXd&, Eigen::MatrixXd&, Eigen::MatrixXi&, Eigen::MatrixXi&, Eigen::VectorXi&, Eigen::MatrixXi&, Eigen::MatrixXi&, int&, int&, int&, int&): Assertion `E(e1,0) == d || E(e1,1) == d' failed.
timeout: the monitored command dumped core
simplify: /home/mishal2/height-persist/scripts/dataprep/Manifold-master/3rd/igl/collapse_edge.cpp:130: bool igl::collapse_edge(int, const RowVectorXd&, Eigen::MatrixXd&, Eigen::MatrixXi&, Eigen::MatrixXi&, Eigen::VectorXi&, Eigen::MatrixXi&, Eigen::MatrixXi&, int&, int&, int&, int&): Assertion `E(EMAP(f+m*((v+2)%3)),flip2) == d || E(EMAP(f+m*((v+2)%3)),flip2) == s' failed.
timeout: the monitored command dumped core
simplify: /home/mishal2/height-persist/scripts/dataprep/Manifold-master/3rd/igl/collapse_edge.cpp:74: bool igl::collapse_edge(int, const RowVectorXd&, Eigen::MatrixXd&, Eigen::MatrixXi&, Eigen::MatrixXi&, Eigen::VectorXi&, Eigen::MatrixXi&, Eigen::MatrixXi&, int&, int&, int&, int&): Assertion `E(e1,0) == d || E(e1,1) == d' failed.
timeout: the monitored command dumped core
simplify: /home/mishal2/height-persist/scripts/dataprep/Manifold-master/3rd/igl/collapse_edge.cpp:75: bool igl::collapse_edge(int, const RowVectorXd&, Eigen::MatrixXd&, Eigen::MatrixXi&, Eigen::MatrixXi&, Eigen::VectorXi&, Eigen::MatrixXi&, Eigen::MatrixXi&, int&, int&, int&, int&): Assertion `E(e2,0) == s || E(e2,1) == s' failed.
timeout: the monitored command dumped core
simplify: /home/mishal2/height-persist/scripts/dataprep/Manifold-master/3rd/igl/collapse_edge.cpp:46: bool igl::collapse_edge(int, const RowVectorXd&, Eigen::MatrixXd&, Eigen::MatrixXi&, Eigen::MatrixXi&, Eigen::VectorXi&, Eigen::MatrixXi&, Eigen::MatrixXi&, int&, int&, int&, int&): Assertion `s<d && "s should be less than d"' failed.
timeout: the monitored command dumped core
simplify: /home/mishal2/height-persist/scripts/dataprep/Manifold-master/3rd/igl/collapse_edge.cpp:46: bool igl::collapse_edge(int, const RowVectorXd&, Eigen::MatrixXd&, Eigen::MatrixXi&, Eigen::MatrixXi&, Eigen::VectorXi&, Eigen::MatrixXi&, Eigen::MatrixXi&, int&, int&, int&, int&): Assertion `s<d && "s should be less than d"' failed.
timeout: the monitored command dumped core
simplify: /home/mishal2/height-persist/scripts/dataprep/Manifold-master/3rd/igl/collapse_edge.cpp:46: bool igl::collapse_edge(int, const RowVectorXd&, Eigen::MatrixXd&, Eigen::MatrixXi&, Eigen::MatrixXi&, Eigen::VectorXi&, Eigen::MatrixXi&, Eigen::MatrixXi&, int&, int&, int&, int&): Assertion `s<d && "s should be less than d"' failed.
timeout: the monitored command dumped core
simplify: /home/mishal2/height-persist/scripts/dataprep/Manifold-master/3rd/igl/collapse_edge.cpp:126: bool igl::collapse_edge(int, const RowVectorXd&, Eigen::MatrixXd&, Eigen::MatrixXi&, Eigen::MatrixXi&, Eigen::VectorXi&, Eigen::MatrixXi&, Eigen::MatrixXi&, int&, int&, int&, int&): Assertion `E(EMAP(f+m*((v+1)%3)),flip1) == d || E(EMAP(f+m*((v+1)%3)),flip1) == s' failed.
timeout: the monitored command dumped core
simplify: /home/mishal2/height-persist/scripts/dataprep/Manifold-master/3rd/igl/collapse_edge.cpp:46: bool igl::collapse_edge(int, const RowVectorXd&, Eigen::MatrixXd&, Eigen::MatrixXi&, Eigen::MatrixXi&, Eigen::VectorXi&, Eigen::MatrixXi&, Eigen::MatrixXi&, int&, int&, int&, int&): Assertion `s<d && "s should be less than d"' failed.
timeout: the monitored command dumped core
simplify: /home/mishal2/height-persist/scripts/dataprep/Manifold-master/3rd/igl/collapse_edge.cpp:74: bool igl::collapse_edge(int, const RowVectorXd&, Eigen::MatrixXd&, Eigen::MatrixXi&, Eigen::MatrixXi&, Eigen::VectorXi&, Eigen::MatrixXi&, Eigen::MatrixXi&, int&, int&, int&, int&): Assertion `E(e1,0) == d || E(e1,1) == d' failed.
timeout: the monitored command dumped core
simplify: /home/mishal2/height-persist/scripts/dataprep/Manifold-master/3rd/igl/collapse_edge.cpp:74: bool igl::collapse_edge(int, const RowVectorXd&, Eigen::MatrixXd&, Eigen::MatrixXi&, Eigen::MatrixXi&, Eigen::VectorXi&, Eigen::MatrixXi&, Eigen::MatrixXi&, int&, int&, int&, int&): Assertion `E(e1,0) == d || E(e1,1) == d' failed.
timeout: the monitored command dumped core
simplify: /home/mishal2/height-persist/scripts/dataprep/Manifold-master/3rd/igl/collapse_edge.cpp:74: bool igl::collapse_edge(int, const RowVectorXd&, Eigen::MatrixXd&, Eigen::MatrixXi&, Eigen::MatrixXi&, Eigen::VectorXi&, Eigen::MatrixXi&, Eigen::MatrixXi&, int&, int&, int&, int&): Assertion `E(e1,0) == d || E(e1,1) == d' failed.
timeout: the monitored command dumped core
simplify: /home/mishal2/height-persist/scripts/dataprep/Manifold-master/3rd/igl/collapse_edge.cpp:46: bool igl::collapse_edge(int, const RowVectorXd&, Eigen::MatrixXd&, Eigen::MatrixXi&, Eigen::MatrixXi&, Eigen::VectorXi&, Eigen::MatrixXi&, Eigen::MatrixXi&, int&, int&, int&, int&): Assertion `s<d && "s should be less than d"' failed.
timeout: the monitored command dumped core
timeout: the monitored command dumped core
simplify: /home/mishal2/height-persist/scripts/dataprep/Manifold-master/3rd/igl/collapse_edge.cpp:46: bool igl::collapse_edge(int, const RowVectorXd&, Eigen::MatrixXd&, Eigen::MatrixXi&, Eigen::MatrixXi&, Eigen::VectorXi&, Eigen::MatrixXi&, Eigen::MatrixXi&, int&, int&, int&, int&): Assertion `s<d && "s should be less than d"' failed.
timeout: the monitored command dumped core
simplify: /home/mishal2/height-persist/scripts/dataprep/Manifold-master/3rd/igl/collapse_edge.cpp:46: bool igl::collapse_edge(int, const RowVectorXd&, Eigen::MatrixXd&, Eigen::MatrixXi&, Eigen::MatrixXi&, Eigen::VectorXi&, Eigen::MatrixXi&, Eigen::MatrixXi&, int&, int&, int&, int&): Assertion `s<d && "s should be less than d"' failed.
timeout: the monitored command dumped core
slurmstepd: error: *** JOB 29396 ON hal04 CANCELLED AT 2022-02-15T06:32:00 ***
slurmstepd: error: Detected 1 oom-kill event(s) in step 29396.batch cgroup. Some of your processes may have been killed by the cgroup out-of-memory handler.
/usr/share/lmod/lmod/init/bash: line 70: conda: command not found
simplify: /home/mishal2/height-persist/scripts/dataprep/Manifold-master/3rd/igl/collapse_edge.cpp:74: bool igl::collapse_edge(int, const RowVectorXd&, Eigen::MatrixXd&, Eigen::MatrixXi&, Eigen::MatrixXi&, Eigen::VectorXi&, Eigen::MatrixXi&, Eigen::MatrixXi&, int&, int&, int&, int&): Assertion `E(e1,0) == d || E(e1,1) == d' failed.
timeout: the monitored command dumped core
simplify: /home/mishal2/height-persist/scripts/dataprep/Manifold-master/3rd/igl/collapse_edge.cpp:46: bool igl::collapse_edge(int, const RowVectorXd&, Eigen::MatrixXd&, Eigen::MatrixXi&, Eigen::MatrixXi&, Eigen::VectorXi&, Eigen::MatrixXi&, Eigen::MatrixXi&, int&, int&, int&, int&): Assertion `s<d && "s should be less than d"' failed.
timeout: the monitored command dumped core
simplify: /home/mishal2/height-persist/scripts/dataprep/Manifold-master/3rd/igl/collapse_edge.cpp:46: bool igl::collapse_edge(int, const RowVectorXd&, Eigen::MatrixXd&, Eigen::MatrixXi&, Eigen::MatrixXi&, Eigen::VectorXi&, Eigen::MatrixXi&, Eigen::MatrixXi&, int&, int&, int&, int&): Assertion `s<d && "s should be less than d"' failed.
timeout: the monitored command dumped core
slurmstepd: error: *** JOB 29417 ON hal08 CANCELLED AT 2022-02-15T06:51:55 ***
